Drill report for /home/mys/teaching/hfk-ws17/microman-kit/microman-kit.kicad_pcb
Created on Sun 28 Jan 2018 16:50:25 CET

Copper Layer Stackup:
    =============================================================
    L1 :  F.Cu                      front
    L2 :  B.Cu                      back


Drill file 'microman-kit-PTH.drl' contains
    plated through holes:
    =============================================================
    T1  0.40mm  0.016"  (56 holes)
    T2  0.60mm  0.024"  (21 holes)
    T3  0.75mm  0.030"  (4 holes)
    T4  0.80mm  0.031"  (64 holes)
    T5  0.85mm  0.034"  (6 holes)
    T6  1.00mm  0.039"  (36 holes)
    T7  1.10mm  0.043"  (2 holes)
    T8  1.20mm  0.047"  (18 holes)
    T9  3.20mm  0.126"  (4 holes)

    Total plated holes count 211


Drill file 'microman-kit-NPTH.drl' contains
    unplated through holes:
    =============================================================
    T1  1.10mm  0.043"  (2 holes)
    T2  2.00mm  0.079"  (4 holes)

    Total unplated holes count 6
